<?xml version="1.0" encoding="UTF-8"?>
<testsuite xmlns:xsi="http://www.w3.org/2001/XMLSchema-instance" xsi:noNamespaceSchemaLocation="https://maven.apache.org/surefire/maven-surefire-plugin/xsd/surefire-test-report-3.0.xsd" version="3.0" name="Capital city of Countries" time="3.77" tests="6" errors="0" skipped="0" failures="0">
  <properties>
[...]
</properties>
  <testcase name="Positive Sceario: Get Capital City with Country Name" classname="Capital city of Countries" time="2.128">
    <system-out><![CDATA[Feature: Capital city of Countries



  @PositiveTest @regression

  Scenario Outline: Positive Sceario: Get Capital City with Country Name # src/test/resources/features/CountriesAPI.feature:4

    Given User submits GET request to "countryNameURL" for "<countryName>"

    And User validates response status code is 200

    Then User validates capital city is "<capitalCity>"



    Examples: 



  @PositiveTest @regression

  Scenario Outline: Positive Sceario: Get Capital City with Country Name # src/test/resources/features/CountriesAPI.feature:12

    Given User submits GET request to "countryNameURL" for "USA"         # CountriesAPISteps.user_submits_GET_request_to_for(String,String)

Status Code: 200

    And User validates response status code is 200                       # CountriesAPISteps.user_validates_response_status_code_is(int)

Actual Capital City: ["Washington, D.C."]

Expected Capital City: Washington

    Then User validates capital city is "Washington"                     # CountriesAPISteps.user_validates_capital_city_is(String)



  @PositiveTest @regression

  Scenario Outline: Positive Sceario: Get Capital City with Country Name # src/test/resources/features/CountriesAPI.feature:13

    Given User submits GET request to "countryNameURL" for "Canada"      # CountriesAPISteps.user_submits_GET_request_to_for(String,String)

Status Code: 200

    And User validates response status code is 200                       # CountriesAPISteps.user_validates_response_status_code_is(int)

Actual Capital City: ["Ottawa"]

Expected Capital City: Ottawa

    Then User validates capital city is "Ottawa"                         # CountriesAPISteps.user_validates_capital_city_is(String)



  @PositiveTest @regression

  Scenario Outline: Positive Sceario: Get Capital City with Country Name # src/test/resources/features/CountriesAPI.feature:14

    Given User submits GET request to "countryNameURL" for "Mexico"      # CountriesAPISteps.user_submits_GET_request_to_for(String,String)

Status Code: 200

    And User validates response status code is 200                       # CountriesAPISteps.user_validates_response_status_code_is(int)

Actual Capital City: ["Mexico City"]

Expected Capital City: Mexico City

    Then User validates capital city is "Mexico City"                    # CountriesAPISteps.user_validates_capital_city_is(String)



  @NegativeTest @regression

  Scenario Outline: Nagative Sceario: Get Capital City with Country Name # src/test/resources/features/CountriesAPI.feature:19

    Given User submits GET request to "countryNameURL" for "<countryName>"

    And User validates response status code is 404

    Then User validates error message is "Not Found"



    Examples: 



  @NegativeTest @regression

  Scenario Outline: Nagative Sceario: Get Capital City with Country Name # src/test/resources/features/CountriesAPI.feature:25

    Given User submits GET request to "countryNameURL" for "Whatever"    # CountriesAPISteps.user_submits_GET_request_to_for(String,String)

Status Code: 404

    And User validates response status code is 404                       # CountriesAPISteps.user_validates_response_status_code_is(int)

Actual Error Message: Not Found

Expected Error Message: Not Found

    Then User validates error message is "Not Found"                     # CountriesAPISteps.user_validates_error_message_is(String)



  @NegativeTest @regression

  Scenario Outline: Nagative Sceario: Get Capital City with Country Name # src/test/resources/features/CountriesAPI.feature:26

    Given User submits GET request to "countryNameURL" for "Somewhere"   # CountriesAPISteps.user_submits_GET_request_to_for(String,String)

Status Code: 404

    And User validates response status code is 404                       # CountriesAPISteps.user_validates_response_status_code_is(int)

Actual Error Message: Not Found

Expected Error Message: Not Found

    Then User validates error message is "Not Found"                     # CountriesAPISteps.user_validates_error_message_is(String)



  @NegativeTest @regression

  Scenario Outline: Nagative Sceario: Get Capital City with Country Name # src/test/resources/features/CountriesAPI.feature:27

    Given User submits GET request to "countryNameURL" for "Anuwhere"    # CountriesAPISteps.user_submits_GET_request_to_for(String,String)

Status Code: 404

    And User validates response status code is 404                       # CountriesAPISteps.user_validates_response_status_code_is(int)

Actual Error Message: Not Found

Expected Error Message: Not Found

    Then User validates error message is "Not Found"                     # CountriesAPISteps.user_validates_error_message_is(String)

]]></system-out>
    <system-err><![CDATA[SLF4J: Failed to load class "org.slf4j.impl.StaticLoggerBinder".
SLF4J: Defaulting to no-operation (NOP) logger implementation
SLF4J: See http://www.slf4j.org/codes.html#StaticLoggerBinder for further details.
]]></system-err>
  </testcase>
  <testcase name="Positive Sceario: Get Capital City with Country Name" classname="Capital city of Countries" time="0.456"/>
  <testcase name="Positive Sceario: Get Capital City with Country Name" classname="Capital city of Countries" time="0.278"/>
  <testcase name="Nagative Sceario: Get Capital City with Country Name" classname="Capital city of Countries" time="0.304"/>
  <testcase name="Nagative Sceario: Get Capital City with Country Name" classname="Capital city of Countries" time="0.287"/>
  <testcase name="Nagative Sceario: Get Capital City with Country Name" classname="Capital city of Countries" time="0.315"/>
</testsuite>